<?xml version="1.0" encoding="UTF-8"?>
<!-- Generated by org.testng.reporters.JUnitXMLReporter -->
<testsuite ignored="0" hostname="QT-INBG-LT1941" failures="0" tests="5" name="Default test" time="44.121" errors="0" timestamp="2022-09-19T16:41:09 IST">
  <testcase classname="contactus" name="send" time="9.881"/>
  <testcase classname="contactus" name="send" time="9.354"/>
  <testcase classname="contactus" name="send" time="8.57"/>
  <testcase classname="contactus" name="send" time="8.409"/>
  <testcase classname="contactus" name="send" time="7.869"/>
</testsuite> <!-- Default test -->
